### version information

```
pre-commit version: 4.5.1
git --version: git version 2.50.1.windows.1
sys.version:
    3.12.10 (tags/v3.12.10:0cc8128, Apr  8 2025, 12:21:36) [MSC v.1943 64 bit (AMD64)]
sys.executable: C:\Users\PC\Desktop\DevSecOps\.venv\Scripts\python.exe
os.name: nt
sys.platform: win32
```

### error information

```
An unexpected error has occurred: PermissionError: [Errno 13] Permission denied: '.git\\hooks\\pre-commit'
```

```
Traceback (most recent call last):
  File "C:\Users\PC\Desktop\DevSecOps\.venv\Lib\site-packages\pre_commit\error_handler.py", line 73, in error_handler
    yield
  File "C:\Users\PC\Desktop\DevSecOps\.venv\Lib\site-packages\pre_commit\main.py", line 411, in main
    return install(
           ^^^^^^^^
  File "C:\Users\PC\Desktop\DevSecOps\.venv\Lib\site-packages\pre_commit\commands\install_uninstall.py", line 131, in install
    _install_hook_script(
  File "C:\Users\PC\Desktop\DevSecOps\.venv\Lib\site-packages\pre_commit\commands\install_uninstall.py", line 92, in _install_hook_script
    with open(hook_path, 'w') as hook_file:
         ^^^^^^^^^^^^^^^^^^^^
PermissionError: [Errno 13] Permission denied: '.git\\hooks\\pre-commit'
```
